Determining if the pthread_create exist failed with the following output:
Change Dir: /home/bemcho/Projects/stansandbox/cmake-build-debug/CMakeFiles/CMakeTmp

Run Build Command:"/usr/bin/make" "cmTC_6393a/fast"
/usr/bin/make -f CMakeFiles/cmTC_6393a.dir/build.make CMakeFiles/cmTC_6393a.dir/build
make[1]: Entering directory '/home/bemcho/Projects/stansandbox/cmake-build-debug/CMakeFiles/CMakeTmp'
Building C object CMakeFiles/cmTC_6393a.dir/CheckSymbolExists.c.o
/usr/bin/cc     -o CMakeFiles/cmTC_6393a.dir/CheckSymbolExists.c.o   -c /home/bemcho/Projects/stansandbox/cmake-build-debug/CMakeFiles/CMakeTmp/CheckSymbolExists.c
Linking C executable cmTC_6393a
/home/bemcho/Apps/clion-2016.3/bin/cmake/bin/cmake -E cmake_link_script CMakeFiles/cmTC_6393a.dir/link.txt --verbose=1
/usr/bin/cc       CMakeFiles/cmTC_6393a.dir/CheckSymbolExists.c.o  -o cmTC_6393a -rdynamic 
CMakeFiles/cmTC_6393a.dir/CheckSymbolExists.c.o: In function `main':
/home/bemcho/Projects/stansandbox/cmake-build-debug/CMakeFiles/CMakeTmp/CheckSymbolExists.c:(.text+0x19): undefined reference to `pthread_create'
clang: error: linker command failed with exit code 1 (use -v to see invocation)
CMakeFiles/cmTC_6393a.dir/build.make:97: recipe for target 'cmTC_6393a' failed
make[1]: *** [cmTC_6393a] Error 1
make[1]: Leaving directory '/home/bemcho/Projects/stansandbox/cmake-build-debug/CMakeFiles/CMakeTmp'
Makefile:126: recipe for target 'cmTC_6393a/fast' failed
make: *** [cmTC_6393a/fast] Error 2

File /home/bemcho/Projects/stansandbox/cmake-build-debug/CMakeFiles/CMakeTmp/CheckSymbolExists.c:
/* */
#include <pthread.h>

int main(int argc, char** argv)
{
  (void)argv;
#ifndef pthread_create
  return ((int*)(&pthread_create))[argc];
#else
  (void)argc;
  return 0;
#endif
}

Determining if the function pthread_create exists in the pthreads failed with the following output:
Change Dir: /home/bemcho/Projects/stansandbox/cmake-build-debug/CMakeFiles/CMakeTmp

Run Build Command:"/usr/bin/make" "cmTC_bba41/fast"
/usr/bin/make -f CMakeFiles/cmTC_bba41.dir/build.make CMakeFiles/cmTC_bba41.dir/build
make[1]: Entering directory '/home/bemcho/Projects/stansandbox/cmake-build-debug/CMakeFiles/CMakeTmp'
Building C object CMakeFiles/cmTC_bba41.dir/CheckFunctionExists.c.o
/usr/bin/cc    -DCHECK_FUNCTION_EXISTS=pthread_create   -o CMakeFiles/cmTC_bba41.dir/CheckFunctionExists.c.o   -c /home/bemcho/Apps/clion-2016.3/bin/cmake/share/cmake-3.6/Modules/CheckFunctionExists.c
Linking C executable cmTC_bba41
/home/bemcho/Apps/clion-2016.3/bin/cmake/bin/cmake -E cmake_link_script CMakeFiles/cmTC_bba41.dir/link.txt --verbose=1
/usr/bin/cc   -DCHECK_FUNCTION_EXISTS=pthread_create    CMakeFiles/cmTC_bba41.dir/CheckFunctionExists.c.o  -o cmTC_bba41 -rdynamic -lpthreads 
/usr/bin/ld: cannot find -lpthreads
clang: error: linker command failed with exit code 1 (use -v to see invocation)
CMakeFiles/cmTC_bba41.dir/build.make:97: recipe for target 'cmTC_bba41' failed
make[1]: *** [cmTC_bba41] Error 1
make[1]: Leaving directory '/home/bemcho/Projects/stansandbox/cmake-build-debug/CMakeFiles/CMakeTmp'
Makefile:126: recipe for target 'cmTC_bba41/fast' failed
make: *** [cmTC_bba41/fast] Error 2


