Determining if the pthread_create exist failed with the following output:
Change Dir: /home/bemcho/Projects/sandbox/cmake-build-release/CMakeFiles/CMakeTmp

Run Build Command:"/usr/bin/make" "cmTC_06cf5/fast"
/usr/bin/make -f CMakeFiles/cmTC_06cf5.dir/build.make CMakeFiles/cmTC_06cf5.dir/build
make[1]: Entering directory '/home/bemcho/Projects/sandbox/cmake-build-release/CMakeFiles/CMakeTmp'
Building C object CMakeFiles/cmTC_06cf5.dir/CheckSymbolExists.c.o
/usr/bin/cc     -o CMakeFiles/cmTC_06cf5.dir/CheckSymbolExists.c.o   -c /home/bemcho/Projects/sandbox/cmake-build-release/CMakeFiles/CMakeTmp/CheckSymbolExists.c
Linking C executable cmTC_06cf5
/home/bemcho/Apps/clion-2016.3/bin/cmake/bin/cmake -E cmake_link_script CMakeFiles/cmTC_06cf5.dir/link.txt --verbose=1
/usr/bin/cc       CMakeFiles/cmTC_06cf5.dir/CheckSymbolExists.c.o  -o cmTC_06cf5 -rdynamic 
CMakeFiles/cmTC_06cf5.dir/CheckSymbolExists.c.o: In function `main':
/home/bemcho/Projects/sandbox/cmake-build-release/CMakeFiles/CMakeTmp/CheckSymbolExists.c:(.text+0x19): undefined reference to `pthread_create'
clang: error: linker command failed with exit code 1 (use -v to see invocation)
CMakeFiles/cmTC_06cf5.dir/build.make:97: recipe for target 'cmTC_06cf5' failed
make[1]: *** [cmTC_06cf5] Error 1
make[1]: Leaving directory '/home/bemcho/Projects/sandbox/cmake-build-release/CMakeFiles/CMakeTmp'
Makefile:126: recipe for target 'cmTC_06cf5/fast' failed
make: *** [cmTC_06cf5/fast] Error 2

File /home/bemcho/Projects/sandbox/cmake-build-release/CMakeFiles/CMakeTmp/CheckSymbolExists.c:
/* */
#include <pthread.h>

int main(int argc, char** argv)
{
  (void)argv;
#ifndef pthread_create
  return ((int*)(&pthread_create))[argc];
#else
  (void)argc;
  return 0;
#endif
}

